Startfile from command line: mb.in


       ***********************************************************
       *                    TeraChem v1.9-2021.05-dev            *
       *                 Hg Version: f53a2e5297ef+               *
       *                   Development Version                   *
       *           Chemistry at the Speed of Graphics!           *
       ***********************************************************
       * This program may only be used in connection with        *
       * a valid license from PetaChem, LLC. Use of this program *
       * or results thereof indicates acceptance of all terms    *
       * and conditions stated in the license and that a valid   *
       * license agreement between the user and PetaChem, LLC    *
       * exists. PetaChem, LLC does not warrant the correctness  *
       * of results or their suitability for any purpose.        *
       * Please email bugs, suggestions, and comments to         *
       *                  help@petachem.com                      *
       *                                                         *
       ***********************************************************


       ***********************************************************
       *  Compiled by zuehlsdt     Thu May 27 13:06:02 PDT 2021  *
       *  Supported architectures: sm_70 sm_75 sm_80 sm_86       *
       *  Build cuda_11.1.TC455_06.29069683_0                    *
       ***********************************************************


 Job started   Thu Sep 28 21:41:49 2023
 On zuehlsdorff003 (available memory: 86322 MB)

######################################### RUNTIME INFO ##########################################
terachem mb.in 

NVRM version: NVIDIA UNIX x86_64 Kernel Module  460.80  Fri May  7 06:55:54 UTC 2021
GCC version:  gcc version 4.8.5 20150623 (Red Hat 4.8.5-36) (GCC) 

	linux-vdso.so.1 =>  (0x00002aaaaaacd000)
	libiomp5.so => /cm/shared/apps/intel/compilers_and_libraries/2016.3.210/compiler/lib/intel64/libiomp5.so (0x00002aaaaaccf000)
	libcurl.so.4 => /lib64/libcurl.so.4 (0x00002aaaab013000)
	libdftbplus.so => /home/shared/zuehlsdorfflab/TeraChem/build/lib/libdftbplus.so (0x00002aaaab27d000)
	libfsockets.so => /home/shared/zuehlsdorfflab/TeraChem/build/lib/libfsockets.so (0x00002aaaab7b0000)
	libxmlf90.so => /home/shared/zuehlsdorfflab/TeraChem/build/lib/libxmlf90.so (0x00002aaaab9b4000)
	libthcbox.so.1 => /home/shared/zuehlsdorfflab/TeraChem/build/lib/libthcbox.so.1 (0x00002aaaabbda000)
	libgpubox.so.1 => /home/shared/zuehlsdorfflab/TeraChem/build/lib/libgpubox.so.1 (0x00002aaaad903000)
	libtensorbox.so.1 => /home/shared/zuehlsdorfflab/TeraChem/build/lib/libtensorbox.so.1 (0x00002aaaadb16000)
	libiobox.so.1 => /home/shared/zuehlsdorfflab/TeraChem/build/lib/libiobox.so.1 (0x00002aaaadd32000)
	libmoleculebox.so.1 => /home/shared/zuehlsdorfflab/TeraChem/build/lib/libmoleculebox.so.1 (0x00002aaaadf41000)
	libintbox.so.1 => /home/shared/zuehlsdorfflab/TeraChem/build/lib/libintbox.so.1 (0x00002aaaae154000)
	libsqmbox.so.1 => /home/shared/zuehlsdorfflab/TeraChem/build/lib/libsqmbox.so.1 (0x00002aaace6c7000)
	libgridbox.so.1 => /home/shared/zuehlsdorfflab/TeraChem/build/lib/libgridbox.so.1 (0x00002aaacecb7000)
	libdftbox.so.1 => /home/shared/zuehlsdorfflab/TeraChem/build/lib/libdftbox.so.1 (0x00002aaacf1fd000)
	libcibox.so.1 => /home/shared/zuehlsdorfflab/TeraChem/build/lib/libcibox.so.1 (0x00002aaacf4df000)
	libccbox.so.1 => /home/shared/zuehlsdorfflab/TeraChem/build/lib/libccbox.so.1 (0x00002aaacfbea000)
	libsimbox.so.1 => /home/shared/zuehlsdorfflab/TeraChem/build/lib/libsimbox.so.1 (0x00002aaad00f8000)
	liboptbox.so.1 => /home/shared/zuehlsdorfflab/TeraChem/build/lib/liboptbox.so.1 (0x00002aaad0313000)
	libsandboxbox.so.1 => /home/shared/zuehlsdorfflab/TeraChem/build/lib/libsandboxbox.so.1 (0x00002aaad0551000)
	libcuda.so.1 => /lib64/libcuda.so.1 (0x00002aaad0762000)
	libcudart.so.11.0 => /cm/shared/apps/cuda/11.1/lib64/libcudart.so.11.0 (0x00002aaad1e48000)
	libcublas.so.11 => /cm/shared/apps/cuda/11.1/lib64/libcublas.so.11 (0x00002aaad20cd000)
	libcufft.so.10 => /cm/shared/apps/cuda/11.1/lib64/libcufft.so.10 (0x00002aaad95a8000)
	libcusparse.so.11 => /cm/shared/apps/cuda/11.1/lib64/libcusparse.so.11 (0x00002aaae790c000)
	libcrypto.so.10 => /lib64/libcrypto.so.10 (0x00002aaaf598a000)
	libssl.so.10 => /lib64/libssl.so.10 (0x00002aaaf5dec000)
	libstdc++.so.6 => /cm/local/apps/gcc/5.1.0/lib64/libstdc++.so.6 (0x00002aaaf605e000)
	libm.so.6 => /lib64/libm.so.6 (0x00002aaaf63d8000)
	libcilkrts.so.5 => /cm/shared/apps/intel/compilers_and_libraries/2016.3.210/compiler/lib/intel64/libcilkrts.so.5 (0x00002aaaf66da000)
	libgcc_s.so.1 => /cm/local/apps/gcc/5.1.0/lib64/libgcc_s.so.1 (0x00002aaaf6915000)
	libpthread.so.0 => /lib64/libpthread.so.0 (0x00002aaaf6b2c000)
	libc.so.6 => /lib64/libc.so.6 (0x00002aaaf6d48000)
	/lib64/ld-linux-x86-64.so.2 (0x00002aaaaaaab000)
	libdl.so.2 => /lib64/libdl.so.2 (0x00002aaaf7115000)
	libidn.so.11 => /lib64/libidn.so.11 (0x00002aaaf7319000)
	libssh2.so.1 => /lib64/libssh2.so.1 (0x00002aaaf754c000)
	libssl3.so => /lib64/libssl3.so (0x00002aaaf7779000)
	libsmime3.so => /lib64/libsmime3.so (0x00002aaaf79cb000)
	libnss3.so => /lib64/libnss3.so (0x00002aaaf7bf2000)
	libnssutil3.so => /lib64/libnssutil3.so (0x00002aaaf7f1f000)
	libplds4.so => /lib64/libplds4.so (0x00002aaaf814f000)
	libplc4.so => /lib64/libplc4.so (0x00002aaaf8353000)
	libnspr4.so => /lib64/libnspr4.so (0x00002aaaf8558000)
	libgssapi_krb5.so.2 => /lib64/libgssapi_krb5.so.2 (0x00002aaaf8796000)
	libkrb5.so.3 => /lib64/libkrb5.so.3 (0x00002aaaf89e3000)
	libk5crypto.so.3 => /lib64/libk5crypto.so.3 (0x00002aaaf8ccc000)
	libcom_err.so.2 => /lib64/libcom_err.so.2 (0x00002aaaf8eff000)
	liblber-2.4.so.2 => /lib64/liblber-2.4.so.2 (0x00002aaaf9103000)
	libldap-2.4.so.2 => /lib64/libldap-2.4.so.2 (0x00002aaaf9312000)
	libz.so.1 => /lib64/libz.so.1 (0x00002aaaf9567000)
	libifport.so.5 => /cm/shared/apps/intel/oneapi/2021/compiler/2021.1.1/linux/compiler/lib/intel64_lin/libifport.so.5 (0x00002aaaf977d000)
	libifcoremt.so.5 => /cm/shared/apps/intel/oneapi/2021/compiler/2021.1.1/linux/compiler/lib/intel64_lin/libifcoremt.so.5 (0x00002aaaaaaf5000)
	libimf.so => /cm/shared/apps/intel/compilers_and_libraries/2016.3.210/compiler/lib/intel64/libimf.so (0x00002aaaf99ab000)
	libsvml.so => /cm/shared/apps/intel/compilers_and_libraries/2016.3.210/compiler/lib/intel64/libsvml.so (0x00002aaaf9ea9000)
	libintlc.so.5 => /cm/shared/apps/intel/compilers_and_libraries/2016.3.210/compiler/lib/intel64/libintlc.so.5 (0x00002aaafadb5000)
	librt.so.1 => /lib64/librt.so.1 (0x00002aaafb021000)
	libcublasLt.so.11 => /cm/shared/apps/cuda/11.1/lib64/libcublasLt.so.11 (0x00002aaafb229000)
	libkrb5support.so.0 => /lib64/libkrb5support.so.0 (0x00002aab08ff3000)
	libkeyutils.so.1 => /lib64/libkeyutils.so.1 (0x00002aab09203000)
	libresolv.so.2 => /lib64/libresolv.so.2 (0x00002aab09407000)
	libsasl2.so.3 => /lib64/libsasl2.so.3 (0x00002aab09620000)
	libselinux.so.1 => /lib64/libselinux.so.1 (0x00002aab0983d000)
	libcrypt.so.1 => /lib64/libcrypt.so.1 (0x00002aab09a64000)
	libpcre.so.1 => /lib64/libpcre.so.1 (0x00002aab09c9b000)
	libfreebl3.so => /lib64/libfreebl3.so (0x00002aab09efd000)
#################################################################################################

Cannot find license.dat file in the TeraChem installation directory /home/shared/zuehlsdorfflab/TeraChem/build


TRYING THE NETWORK LICENSE...
Connecting to license server '54.208.252.40' port '8877'...
Jobname: snapshot
Scratch directory: ./scr.snapshot
Random number seed: 754537630

XYZ coordinates snapshot.xyz
Molden File Output: ./scr.snapshot/snapshot.molden
Using basis set: 6-31+gs
dmrgstart not found
Spin multiplicity: 1
DIIS will use up to 10 vectors.
Condition number limit for the DIIS overlap matrix is            0
WF convergence threshold: 1.00e-05
Using DIIS algorithm to converge WF
Maximum number of SCF iterations: 55
Incremental fock with rebuild every 8 iterations
Will switch to conventional Fock if diffuse functions are detected
X-matrix tolerance: 1.00e-04
PRECISION: DYNAMIC
DFT Functional requested: wb97x
Method: wB97X
  wB97X exchange/correlation functional:  1.0
  Full range Hartree-Fock exchange:       0.157706
  LR Hartree-Fock exchange:               0.842294
  Range Correction Scaling:               0.300 a.u. 
Wavefunction: RESTRICTED
DFT grid type: 1
Using dynamic DFT grids.
Initial guess generated by maximum overlap
point charges coordinates file: ptcharges.xyz


********************************************
***** SINGLE POINT ENERGY CALCULATIONS *****
********************************************
*************WARNING***************
Unrecognized or unnecessary keywords:
These are being ignored.
   safemode no
***********************************

using 1 out of 1 CUDA devices
   Device 0:     GeForce RTX 3080, 10018MB, CC 8.6 -- CPU THREAD 0
-------------------------------------------------------------------
 CPU Memory Available: 24009.88 MegaWords 
 GPU Memory Available: 996.26 MegaWords 
 Maximum recommended basis set size: 11200 basis functions
 (limited by GPU memory)
-------------------------------------------------------------------
Connected!
Checking your license...

**************************************************************
  Greetings, Martinez Group! You have 1000 licenses in total
  IN USE: 22
  AVAILABLE: 978
**************************************************************



Basis set:       6-31+gs
Total atoms:     58
Total charge:    1
Total electrons: 200 (100-alpha, 100-beta)
Number electrons modeled by ECPs: 0
Total orbitals:  592
Total AO shells: 284 (172 S-shells; 84 P-shells; 28 D-shells; 0 F-shells; 0 G-shells)
Spin multiplicity: 1
Nuclear repulsion energy (QM atoms): 2411.017753303694 a.u.

Number of MM point charges: 8821
Total charge from MM point charges: -0.18e


**********************************************************
*** WARNING! USING DEFAULT VDW PARAMETERS FOR QM ATOMS ***
**********************************************************
   TYPE       SIGMA       EPSILON
     N      1.850000      0.200000
     N      1.850000      0.200000
     N      1.850000      0.200000
     C      2.060000      0.080000
     C      2.060000      0.080000
     C      2.060000      0.080000
     C      2.060000      0.080000
     C      2.060000      0.080000
     C      2.060000      0.080000
     C      2.060000      0.080000
     C      2.060000      0.080000
     C      2.060000      0.080000
     C      2.060000      0.080000
     C      2.060000      0.080000
     C      2.060000      0.080000
     C      2.060000      0.080000
     C      2.060000      0.080000
     C      2.060000      0.080000
     C      2.060000      0.080000
     C      2.060000      0.080000
     C      2.060000      0.080000
     C      2.060000      0.080000
     C      2.060000      0.080000
     C      2.060000      0.080000
     C      2.060000      0.080000
     C      2.060000      0.080000
     C      2.060000      0.080000
     C      2.060000      0.080000
     H      1.320000      0.022000
     H      1.320000      0.022000
     H      1.320000      0.022000
     H      1.320000      0.022000
     H      1.320000      0.022000
     H      1.320000      0.022000
     H      1.320000      0.022000
     H      1.320000      0.022000
     H      1.320000      0.022000
     H      1.320000      0.022000
     H      1.320000      0.022000
     H      1.320000      0.022000
     H      1.320000      0.022000
     H      1.320000      0.022000
     H      1.320000      0.022000
     H      1.320000      0.022000
     H      1.320000      0.022000
     H      1.320000      0.022000
     H      1.320000      0.022000
     H      1.320000      0.022000
     H      1.320000      0.022000
     H      1.320000      0.022000
     H      1.320000      0.022000
     H      1.320000      0.022000
     H      1.320000      0.022000
     H      1.320000      0.022000
     H      1.320000      0.022000
     H      1.320000      0.022000
     H      1.320000      0.022000
     H      1.320000      0.022000
Setting up the DFT grid...
time to set the grid = 0.03 s
DFT grid points: 57267 (987 points/atom)
Setting up the DFT grid...
time to set the grid = 0.07 s
DFT grid points: 159313 (2746 points/atom)

************************************* WARNING *************************************
 24 out of 592 eigenvalues of the overlap matrix are smaller than xtol = 1.0e-04
 and will be flushed to zero. In many cases this is caused by bad geometry of the
 molecule, Cartesian basis sets, or the use of diffuse basis functions. 
 Try using a spherical basis representation 'sphericalbasis yes'. If the SCF procedure does not
 converge, increase the threshold by setting 'xtol' to 1.0e-03 or 1.0e-02 and/or
 decrease the coulomb and exchange integral screening thresholds 'threall' 
 up to 1.0e-15 or 1.0e-16. In addition, you can try to loosen the the WF 
 convergence threshold, perform several geometry optimization steps, and run the 
 calculations again with the new geometry. You can also try to switch to double
 precision instead of mixed (default) or single precision.
***********************************************************************************


                      *** Start SCF Iterations ***

 Iter     DIIS Error       Energy change      Electrons        XC Energy           Energy        Time(s)
----------------------------------------------------------------------------------------------------------
Purifying guess...Purification run on GPU (mixed precision)  using TC2 purification.
Density matrix purification finished after a total of 0 matrix multiplies
THRESPDP set to 1.00e+00
                >>> SWITCHING TO GRID 1 <<<
   1     0.3861284113   -1138.1765222743   200.0104421480  -108.4596077265   -1138.1765222743     2.01  
                >>> SWITCHING TO GRID 0 <<<
   2     0.1511442666     -10.3112166215   200.0047494278  -118.7069489300   -1148.4877388958     1.13  
   3     0.1215849975      -3.4028092932   200.0062264545  -115.4051098200   -1151.8905481890     1.20  
   4     0.1276424396      -0.2483203292   200.0067117740  -115.1224043554   -1152.1388685182     1.12  
   5     0.0165679521      -0.6495234230   200.0060494375  -115.3491125849   -1152.7883919411     1.09  
   6     0.0087394465      -0.0245243257   200.0059975824  -115.3491582900   -1152.8129162668     1.09  
   7     0.0024369721      -0.0076429685   200.0060318513  -115.3652014881   -1152.8205592353     1.04  
                >>> SWITCHING TO GRID 1 <<<
   8     0.0019936269      +0.0057131448   200.0007732819  -115.3582010539   -1152.8148460905     1.19  
THRESPDP set to 3.22e-04
   9     0.0009003730      -0.0001726790   200.0007857181  -115.3495234795   -1152.8150187694     2.30  
  10     0.0003249960      -0.0000783237   200.0007871876  -115.3389334652   -1152.8150970931     1.79  
  11     0.0000734106      -0.0000078242   200.0007868023  -115.3390094193   -1152.8151049173     1.70  
  12     0.0000601545      -0.0000011777   200.0007867635  -115.3396641368   -1152.8151060950     1.69  
  13     0.0000215194      -0.0000005622   200.0007866897  -115.3397872927   -1152.8151066572     1.69  
  14     0.0000080068      -0.0000005699   200.0007867276  -115.3398237471   -1152.8151072271     2.31  
----------------------------------------------------------------------------------------------------------
FINAL ENERGY: -1152.8151072271 a.u.
WARNING: Final energy is higher than the lowest energy by     0.005452.
HOMO-LUMO GAP: 6.072 eV
CENTER OF MASS: {2.638488, 2.382630, 0.620843} ANGS
QM  DIPOLE MOMENT: {4.823752, -7.551557, 0.847756} (|D| = 9.000738) DEBYE
MM  DIPOLE MOMENT: {-19.972036, 13.806625, -9.946645} (|D| = 26.238157) DEBYE
TOT DIPOLE MOMENT: {-15.148283, 6.255068, -9.098889} (|D| = 18.745297) DEBYE
Writing out molden info

Running Mulliken population analysis...

 Generating 2nd functional diffs

  Restricted TDDFT (RPA) Parameters
--------------------------------------------
Number of occupied orbitals:           100
Number of virtual orbitals:            468
Number of molecular orbitals:          568
Number of basis functions:             592
Multiplicity of target state:      singlet

  Nonsymmetric Davidson Diagonalization Parameters
----------------------------------------------------
Number of roots to find:                    2
Number of guess vectors:                    3
Maximum subspace size:                     20
Number of vectors to save:                  2
Collapse vectors per root:                  2
Number of excitations:                  93600
Maximum Davidson iterations:               50
Residual convergence:                 1.0e-04
Orthogonality tolerance:              1.0e-12
Reorthogonalization rate:                   8

     Davidson Dynamic Precision Parameters
-----------------------------------------------
SP Residual convergence:              1.0e-04
Sigma vector THRESPDP:                3.2e-04

Davidson memory usage:  35.26 MB

Guess Vectors:
  100 -> 101 : D -> V :     0.223133
   99 -> 101 : D -> V :     0.243757
   98 -> 101 : D -> V :     0.279722

  Root           Eigenvalue       Energy Change        Residual
-------------------------------------------------------------------
Iteration:    0   Subspace Size:    3
Root: 1:         0.12721460         0.12721460         0.15641837  
Root: 2:         0.14352241         0.14352241         0.12705531  

Iteration:    1   Subspace Size:    5
Root: 1:         0.10657193        -0.02064267         0.05233258  
Root: 2:         0.12777333        -0.01574908         0.05104372  

Iteration:    2   Subspace Size:    7
Root: 1:         0.10230204        -0.00426989         0.02907782  
Root: 2:         0.12311266        -0.00466067         0.02960975  

Iteration:    3   Subspace Size:    9
Root: 1:         0.10159250        -0.00070954         0.01168317  
Root: 2:         0.12233866        -0.00077401         0.01163370  

Iteration:    4   Subspace Size:   11
Root: 1:         0.10145019        -0.00014231         0.00540328  
Root: 2:         0.12216804        -0.00017061         0.00580933  

Iteration:    5   Subspace Size:   13
Root: 1:         0.10142682        -0.00002337         0.00224393  
Root: 2:         0.12212962        -0.00003843         0.00327618  

Iteration:    6   Subspace Size:   15
Root: 1:         0.10142079        -0.00000603         0.00115356  
Root: 2:         0.12211708        -0.00001253         0.00177612  

Iteration:    7   Subspace Size:   17
Root: 1:         0.10141948        -0.00000132         0.00064387  
Root: 2:         0.12211240        -0.00000468         0.00121156  

Iteration:    8   Subspace Size:   19
Collapsing subspace to 4 vectors
Rebuilding sigma vectors

Iteration:    9   Subspace Size:    4
Root: 1:         0.10141906        -0.00000001         0.00033256  
Root: 2:         0.12211052         0.00000001         0.00089190  

Iteration:   10   Subspace Size:    6
Root: 1:         0.10141898        -0.00000009         0.00016587  
Root: 2:         0.12210983        -0.00000069         0.00049997  

Iteration:   11   Subspace Size:    8
Root: 1:         0.10141894        -0.00000004         0.00011673  
Root: 2:         0.12210932        -0.00000051         0.00041016  

Iteration:   12   Subspace Size:   10
Root: 1:         0.10141893        -0.00000001         0.00004758  Converged
Root: 2:         0.12210918        -0.00000014         0.00019265  

Iteration:   13   Subspace Size:   11
Root: 1:         0.10141893        -0.00000000         0.00004758  Converged
Root: 2:         0.12210914        -0.00000004         0.00008019  Converged

Davidson has converged in single precision
Collapsing subspace to 2 vectors
Rebuilding sigma vectors in mixed precision

Iteration:   14   Subspace Size:    2
Root: 1:         0.10141893         0.00000000         0.00004760  Converged
Root: 2:         0.12210914         0.00000000         0.00008019  Converged

Davidson converged in 14 iterations
32 sigma vectors were formed
26 sigma vectors were formed in single precision
2 sigma vectors were formed in mixed precision

  Root   Total Energy (a.u.)   Ex. Energy (a.u.)     Ex. Energy (eV)     Ex. Energy (nm)
-----------------------------------------------------------------------------------------
     1      -1152.71368830          0.10141893          2.75974900        449.25904818
     2      -1152.69299808          0.12210914          3.32275831        373.13644022

Unrelaxed excited state dipole moments:

  Root       Dx         Dy         Dz         |D|  (Debye)
------------------------------------------------------------
     1     7.9819    -9.1708     4.3118    12.8998
     2     0.8841     0.6199    -0.5400     1.2073

Transition dipole moments:

  Root       Tx         Ty         Tz         |T| (a.u.)
----------------------------------------------------------
     1    0.6343088329    2.1944330326    3.0731915119    3.8291500492
     2   -1.5532035488    2.3493265773   -0.8707902532    2.9478894647

Root 1: Largest CI coefficients:
  100 -> 101 : X (D -> V) :  -0.965283     Y (D <- V) :   0.046848
   94 -> 101 : X (D -> V) :  -0.148425     Y (D <- V) :   0.005460

Root 2: Largest CI coefficients:
   99 -> 101 : X (D -> V) :  -0.952218     Y (D <- V) :   0.025056
   93 -> 101 : X (D -> V) :   0.195314     Y (D <- V) :  -0.003312

  Final Excited State Results:

  Root   Total Energy (a.u.)   Ex. Energy (eV)   Osc. (a.u.)   Max CI Coeff.      Excitation
------------------------------------------------------------------------------------------------------
     1       -1152.71368830        2.75974900       0.9914       -0.965283     100 -> 101 : X (D -> V)
     2       -1152.69299808        3.32275831       0.7074       -0.952218      99 -> 101 : X (D -> V)

        0.00000000000000         0.00000000000000         0.00000000000000
        0.00000000000000         0.00000000000000         0.00000000000000
        0.00000000000000         0.00000000000000         0.00000000000000
        0.00000000000000         0.00000000000000         0.00000000000000
        0.00000000000000         0.00000000000000         0.00000000000000
        0.00000000000000         0.00000000000000         0.00000000000000
        0.00000000000000         0.00000000000000         0.00000000000000
        0.00000000000000         0.00000000000000         0.00000000000000
        0.00000000000000         0.00000000000000         0.00000000000000
        0.00000000000000         0.00000000000000         0.00000000000000
        0.00000000000000         0.00000000000000         0.00000000000000
        0.00000000000000         0.00000000000000         0.00000000000000
        0.00000000000000         0.00000000000000         0.00000000000000
        0.00000000000000         0.00000000000000         0.00000000000000
        0.00000000000000         0.00000000000000         0.00000000000000
        0.00000000000000         0.00000000000000         0.00000000000000
        0.00000000000000         0.00000000000000         0.00000000000000
        0.00000000000000         0.00000000000000         0.00000000000000
        0.00000000000000         0.00000000000000         0.00000000000000
        0.00000000000000         0.00000000000000         0.00000000000000
        0.00000000000000         0.00000000000000         0.00000000000000
        0.00000000000000         0.00000000000000         0.00000000000000
        0.00000000000000         0.00000000000000         0.00000000000000
        0.00000000000000         0.00000000000000         0.00000000000000
        0.00000000000000         0.00000000000000         0.00000000000000
        0.00000000000000         0.00000000000000         0.00000000000000
        0.00000000000000         0.00000000000000         0.00000000000000
        0.00000000000000         0.00000000000000         0.00000000000000
        0.00000000000000         0.00000000000000         0.00000000000000
        0.00000000000000         0.00000000000000         0.00000000000000
        0.00000000000000         0.00000000000000         0.00000000000000
        0.00000000000000         0.00000000000000         0.00000000000000
        0.00000000000000         0.00000000000000         0.00000000000000
        0.00000000000000         0.00000000000000         0.00000000000000
        0.00000000000000         0.00000000000000         0.00000000000000
        0.00000000000000         0.00000000000000         0.00000000000000
        0.00000000000000         0.00000000000000         0.00000000000000
        0.00000000000000         0.00000000000000         0.00000000000000
        0.00000000000000         0.00000000000000         0.00000000000000
        0.00000000000000         0.00000000000000         0.00000000000000
        0.00000000000000         0.00000000000000         0.00000000000000
        0.00000000000000         0.00000000000000         0.00000000000000
        0.00000000000000         0.00000000000000         0.00000000000000
        0.00000000000000         0.00000000000000         0.00000000000000
        0.00000000000000         0.00000000000000         0.00000000000000
        0.00000000000000         0.00000000000000         0.00000000000000
        0.00000000000000         0.00000000000000         0.00000000000000
        0.00000000000000         0.00000000000000         0.00000000000000
        0.00000000000000         0.00000000000000         0.00000000000000
        0.00000000000000         0.00000000000000         0.00000000000000
        0.00000000000000         0.00000000000000         0.00000000000000
        0.00000000000000         0.00000000000000         0.00000000000000
        0.00000000000000         0.00000000000000         0.00000000000000
        0.00000000000000         0.00000000000000         0.00000000000000
        0.00000000000000         0.00000000000000         0.00000000000000
        0.00000000000000         0.00000000000000         0.00000000000000
        0.00000000000000         0.00000000000000         0.00000000000000
        0.00000000000000         0.00000000000000         0.00000000000000
Total processing time: 148.58 sec 

 Job finished: Thu Sep 28 21:44:20 2023

