Startfile from command line: md.in


       ***********************************************************
       *                    TeraChem v1.9-2021.05-dev            *
       *                 Hg Version: f53a2e5297ef+               *
       *                   Development Version                   *
       *           Chemistry at the Speed of Graphics!           *
       ***********************************************************
       * This program may only be used in connection with        *
       * a valid license from PetaChem, LLC. Use of this program *
       * or results thereof indicates acceptance of all terms    *
       * and conditions stated in the license and that a valid   *
       * license agreement between the user and PetaChem, LLC    *
       * exists. PetaChem, LLC does not warrant the correctness  *
       * of results or their suitability for any purpose.        *
       * Please email bugs, suggestions, and comments to         *
       *                  help@petachem.com                      *
       *                                                         *
       ***********************************************************


       ***********************************************************
       *  Compiled by zuehlsdt     Thu May 27 13:06:02 PDT 2021  *
       *  Supported architectures: sm_70 sm_75 sm_80 sm_86       *
       *  Build cuda_11.1.TC455_06.29069683_0                    *
       ***********************************************************


 Job started   Sat Oct 14 06:46:16 2023
 On zuehlsdorff006 (available memory: 73821 MB)

######################################### RUNTIME INFO ##########################################
terachem md.in 

NVRM version: NVIDIA UNIX x86_64 Kernel Module  460.80  Fri May  7 06:55:54 UTC 2021
GCC version:  gcc version 4.8.5 20150623 (Red Hat 4.8.5-36) (GCC) 

	linux-vdso.so.1 =>  (0x00002aaaaaacd000)
	libiomp5.so => /cm/shared/apps/intel/compilers_and_libraries/2016.3.210/compiler/lib/intel64/libiomp5.so (0x00002aaaaaccf000)
	libcurl.so.4 => /lib64/libcurl.so.4 (0x00002aaaab013000)
	libdftbplus.so => /home/shared/zuehlsdorfflab/TeraChem/build/lib/libdftbplus.so (0x00002aaaab27d000)
	libfsockets.so => /home/shared/zuehlsdorfflab/TeraChem/build/lib/libfsockets.so (0x00002aaaab7b0000)
	libxmlf90.so => /home/shared/zuehlsdorfflab/TeraChem/build/lib/libxmlf90.so (0x00002aaaab9b4000)
	libthcbox.so.1 => /home/shared/zuehlsdorfflab/TeraChem/build/lib/libthcbox.so.1 (0x00002aaaabbda000)
	libgpubox.so.1 => /home/shared/zuehlsdorfflab/TeraChem/build/lib/libgpubox.so.1 (0x00002aaaad903000)
	libtensorbox.so.1 => /home/shared/zuehlsdorfflab/TeraChem/build/lib/libtensorbox.so.1 (0x00002aaaadb16000)
	libiobox.so.1 => /home/shared/zuehlsdorfflab/TeraChem/build/lib/libiobox.so.1 (0x00002aaaadd32000)
	libmoleculebox.so.1 => /home/shared/zuehlsdorfflab/TeraChem/build/lib/libmoleculebox.so.1 (0x00002aaaadf41000)
	libintbox.so.1 => /home/shared/zuehlsdorfflab/TeraChem/build/lib/libintbox.so.1 (0x00002aaaae154000)
	libsqmbox.so.1 => /home/shared/zuehlsdorfflab/TeraChem/build/lib/libsqmbox.so.1 (0x00002aaace6c7000)
	libgridbox.so.1 => /home/shared/zuehlsdorfflab/TeraChem/build/lib/libgridbox.so.1 (0x00002aaacecb7000)
	libdftbox.so.1 => /home/shared/zuehlsdorfflab/TeraChem/build/lib/libdftbox.so.1 (0x00002aaacf1fd000)
	libcibox.so.1 => /home/shared/zuehlsdorfflab/TeraChem/build/lib/libcibox.so.1 (0x00002aaacf4df000)
	libccbox.so.1 => /home/shared/zuehlsdorfflab/TeraChem/build/lib/libccbox.so.1 (0x00002aaacfbea000)
	libsimbox.so.1 => /home/shared/zuehlsdorfflab/TeraChem/build/lib/libsimbox.so.1 (0x00002aaad00f8000)
	liboptbox.so.1 => /home/shared/zuehlsdorfflab/TeraChem/build/lib/liboptbox.so.1 (0x00002aaad0313000)
	libsandboxbox.so.1 => /home/shared/zuehlsdorfflab/TeraChem/build/lib/libsandboxbox.so.1 (0x00002aaad0551000)
	libcuda.so.1 => /lib64/libcuda.so.1 (0x00002aaad0762000)
	libcudart.so.11.0 => /cm/shared/apps/cuda/11.1/lib64/libcudart.so.11.0 (0x00002aaad1e48000)
	libcublas.so.11 => /cm/shared/apps/cuda/11.1/lib64/libcublas.so.11 (0x00002aaad20cd000)
	libcufft.so.10 => /cm/shared/apps/cuda/11.1/lib64/libcufft.so.10 (0x00002aaad95a8000)
	libcusparse.so.11 => /cm/shared/apps/cuda/11.1/lib64/libcusparse.so.11 (0x00002aaae790c000)
	libcrypto.so.10 => /lib64/libcrypto.so.10 (0x00002aaaf598a000)
	libssl.so.10 => /lib64/libssl.so.10 (0x00002aaaf5dec000)
	libstdc++.so.6 => /cm/local/apps/gcc/5.1.0/lib64/libstdc++.so.6 (0x00002aaaf605e000)
	libm.so.6 => /lib64/libm.so.6 (0x00002aaaf63d8000)
	libcilkrts.so.5 => /cm/shared/apps/intel/compilers_and_libraries/2016.3.210/compiler/lib/intel64/libcilkrts.so.5 (0x00002aaaf66da000)
	libgcc_s.so.1 => /cm/local/apps/gcc/5.1.0/lib64/libgcc_s.so.1 (0x00002aaaf6915000)
	libpthread.so.0 => /lib64/libpthread.so.0 (0x00002aaaf6b2c000)
	libc.so.6 => /lib64/libc.so.6 (0x00002aaaf6d48000)
	/lib64/ld-linux-x86-64.so.2 (0x00002aaaaaaab000)
	libdl.so.2 => /lib64/libdl.so.2 (0x00002aaaf7115000)
	libidn.so.11 => /lib64/libidn.so.11 (0x00002aaaf7319000)
	libssh2.so.1 => /lib64/libssh2.so.1 (0x00002aaaf754c000)
	libssl3.so => /lib64/libssl3.so (0x00002aaaf7779000)
	libsmime3.so => /lib64/libsmime3.so (0x00002aaaf79cb000)
	libnss3.so => /lib64/libnss3.so (0x00002aaaf7bf2000)
	libnssutil3.so => /lib64/libnssutil3.so (0x00002aaaf7f1f000)
	libplds4.so => /lib64/libplds4.so (0x00002aaaf814f000)
	libplc4.so => /lib64/libplc4.so (0x00002aaaf8353000)
	libnspr4.so => /lib64/libnspr4.so (0x00002aaaf8558000)
	libgssapi_krb5.so.2 => /lib64/libgssapi_krb5.so.2 (0x00002aaaf8796000)
	libkrb5.so.3 => /lib64/libkrb5.so.3 (0x00002aaaf89e3000)
	libk5crypto.so.3 => /lib64/libk5crypto.so.3 (0x00002aaaf8ccc000)
	libcom_err.so.2 => /lib64/libcom_err.so.2 (0x00002aaaf8eff000)
	liblber-2.4.so.2 => /lib64/liblber-2.4.so.2 (0x00002aaaf9103000)
	libldap-2.4.so.2 => /lib64/libldap-2.4.so.2 (0x00002aaaf9312000)
	libz.so.1 => /lib64/libz.so.1 (0x00002aaaf9567000)
	libifport.so.5 => /cm/shared/apps/intel/oneapi/2021/compiler/2021.1.1/linux/compiler/lib/intel64_lin/libifport.so.5 (0x00002aaaf977d000)
	libifcoremt.so.5 => /cm/shared/apps/intel/oneapi/2021/compiler/2021.1.1/linux/compiler/lib/intel64_lin/libifcoremt.so.5 (0x00002aaaaaaf5000)
	libimf.so => /cm/shared/apps/intel/compilers_and_libraries/2016.3.210/compiler/lib/intel64/libimf.so (0x00002aaaf99ab000)
	libsvml.so => /cm/shared/apps/intel/compilers_and_libraries/2016.3.210/compiler/lib/intel64/libsvml.so (0x00002aaaf9ea9000)
	libintlc.so.5 => /cm/shared/apps/intel/compilers_and_libraries/2016.3.210/compiler/lib/intel64/libintlc.so.5 (0x00002aaafadb5000)
	librt.so.1 => /lib64/librt.so.1 (0x00002aaafb021000)
	libcublasLt.so.11 => /cm/shared/apps/cuda/11.1/lib64/libcublasLt.so.11 (0x00002aaafb229000)
	libkrb5support.so.0 => /lib64/libkrb5support.so.0 (0x00002aab08ff3000)
	libkeyutils.so.1 => /lib64/libkeyutils.so.1 (0x00002aab09203000)
	libresolv.so.2 => /lib64/libresolv.so.2 (0x00002aab09407000)
	libsasl2.so.3 => /lib64/libsasl2.so.3 (0x00002aab09620000)
	libselinux.so.1 => /lib64/libselinux.so.1 (0x00002aab0983d000)
	libcrypt.so.1 => /lib64/libcrypt.so.1 (0x00002aab09a64000)
	libpcre.so.1 => /lib64/libpcre.so.1 (0x00002aab09c9b000)
	libfreebl3.so => /lib64/libfreebl3.so (0x00002aab09efd000)
#################################################################################################

Cannot find license.dat file in the TeraChem installation directory /home/shared/zuehlsdorfflab/TeraChem/build


TRYING THE NETWORK LICENSE...
Connecting to license server '54.208.252.40' port '8877'...
Jobname: snapshot
Scratch directory: ./scr.snapshot
Random number seed: 945997301

XYZ coordinates snapshot.xyz
Molden File Output: ./scr.snapshot/snapshot.molden
Using basis set: 6-31+gs
dmrgstart not found
Spin multiplicity: 1
DIIS will use up to 10 vectors.
Condition number limit for the DIIS overlap matrix is            0
WF convergence threshold: 1.00e-05
Using DIIS algorithm to converge WF
Maximum number of SCF iterations: 55
Incremental fock with rebuild every 8 iterations
Will switch to conventional Fock if diffuse functions are detected
X-matrix tolerance: 1.00e-04
PRECISION: DYNAMIC
DFT Functional requested: wb97x
Method: wB97X
  wB97X exchange/correlation functional:  1.0
  Full range Hartree-Fock exchange:       0.157706
  LR Hartree-Fock exchange:               0.842294
  Range Correction Scaling:               0.300 a.u. 
Wavefunction: RESTRICTED
DFT grid type: 1
Using dynamic DFT grids.
Initial guess generated by maximum overlap

********************************************
***** SINGLE POINT ENERGY CALCULATIONS *****
********************************************
*************WARNING***************
Unrecognized or unnecessary keywords:
These are being ignored.
   safemode no
***********************************

using 1 out of 1 CUDA devices
   Device 0:     GeForce RTX 3080, 10018MB, CC 8.6 -- CPU THREAD 0
-------------------------------------------------------------------
 CPU Memory Available: 24009.88 MegaWords 
 GPU Memory Available: 996.26 MegaWords 
 Maximum recommended basis set size: 11200 basis functions
 (limited by GPU memory)
-------------------------------------------------------------------
Connected!
Checking your license...

**************************************************************
  Greetings, Martinez Group! You have 1000 licenses in total
  IN USE: 13
  AVAILABLE: 987
**************************************************************



Basis set:       6-31+gs
Total atoms:     58
Total charge:    1
Total electrons: 200 (100-alpha, 100-beta)
Number electrons modeled by ECPs: 0
Total orbitals:  592
Total AO shells: 284 (172 S-shells; 84 P-shells; 28 D-shells; 0 F-shells; 0 G-shells)
Spin multiplicity: 1
Nuclear repulsion energy (QM atoms): 2411.017753303694 a.u.

Setting up the DFT grid...
time to set the grid = 0.04 s
DFT grid points: 57267 (987 points/atom)
Setting up the DFT grid...
time to set the grid = 0.08 s
DFT grid points: 159313 (2746 points/atom)

************************************* WARNING *************************************
 24 out of 592 eigenvalues of the overlap matrix are smaller than xtol = 1.0e-04
 and will be flushed to zero. In many cases this is caused by bad geometry of the
 molecule, Cartesian basis sets, or the use of diffuse basis functions. 
 Try using a spherical basis representation 'sphericalbasis yes'. If the SCF procedure does not
 converge, increase the threshold by setting 'xtol' to 1.0e-03 or 1.0e-02 and/or
 decrease the coulomb and exchange integral screening thresholds 'threall' 
 up to 1.0e-15 or 1.0e-16. In addition, you can try to loosen the the WF 
 convergence threshold, perform several geometry optimization steps, and run the 
 calculations again with the new geometry. You can also try to switch to double
 precision instead of mixed (default) or single precision.
***********************************************************************************


                      *** Start SCF Iterations ***

 Iter     DIIS Error       Energy change      Electrons        XC Energy           Energy        Time(s)
----------------------------------------------------------------------------------------------------------
Purifying guess...Purification run on GPU (mixed precision)  using TC2 purification.
Density matrix purification finished after a total of 0 matrix multiplies
THRESPDP set to 1.00e+00
                >>> SWITCHING TO GRID 1 <<<
   1     0.3875433353   -1119.7938422299   200.0104421480  -108.4596077265   -1119.7938422299     2.54  
                >>> SWITCHING TO GRID 0 <<<
   2     0.1481916633     -10.4292188277   200.0046315982  -118.6915908951   -1130.2230610576     1.28  
   3     0.1108535568      -3.4310172853   200.0062438798  -115.3850768961   -1133.6540783429     1.37  
   4     0.1205210629      -0.2056875251   200.0066438973  -115.1253463298   -1133.8597658681     1.30  
   5     0.0127915124      -0.5340761247   200.0059844877  -115.3453903619   -1134.3938419927     1.33  
   6     0.0062751291      -0.0155350472   200.0059060990  -115.3536697629   -1134.4093770400     1.22  
   7     0.0019350313      -0.0047884797   200.0059302570  -115.3657244956   -1134.4141655197     1.15  
                >>> SWITCHING TO GRID 1 <<<
   8     0.0019862107      +0.0059984435   200.0006034740  -115.3589367996   -1134.4081670762     1.49  
THRESPDP set to 3.29e-04
   9     0.0010930305      -0.0000897034   200.0006161715  -115.3519112230   -1134.4082567795     2.57  
  10     0.0002177377      -0.0000761244   200.0006173506  -115.3392375255   -1134.4083329039     2.07  
  11     0.0000746188      -0.0000054196   200.0006168114  -115.3399233077   -1134.4083383235     2.02  
  12     0.0000462663      -0.0000008023   200.0006167032  -115.3403331843   -1134.4083391258     1.90  
  13     0.0000123070      -0.0000003883   200.0006165675  -115.3404425380   -1134.4083395141     1.91  
  14     0.0000064546      -0.0000003737   200.0006165502  -115.3405334379   -1134.4083398878     2.51  
----------------------------------------------------------------------------------------------------------
FINAL ENERGY: -1134.4083398878 a.u.
WARNING: Final energy is higher than the lowest energy by    0.0058256.
HOMO-LUMO GAP: 6.152 eV
CENTER OF MASS: {2.638488, 2.382630, 0.620843} ANGS
DIPOLE MOMENT: {1.994019, -1.887449, -0.554357} (|D| = 2.801051) DEBYE
Writing out molden info

Running Mulliken population analysis...

 Generating 2nd functional diffs

  Restricted TDDFT (RPA) Parameters
--------------------------------------------
Number of occupied orbitals:           100
Number of virtual orbitals:            468
Number of molecular orbitals:          568
Number of basis functions:             592
Multiplicity of target state:      singlet

  Nonsymmetric Davidson Diagonalization Parameters
----------------------------------------------------
Number of roots to find:                    2
Number of guess vectors:                    3
Maximum subspace size:                     20
Number of vectors to save:                  2
Collapse vectors per root:                  2
Number of excitations:                  93600
Maximum Davidson iterations:               50
Residual convergence:                 1.0e-04
Orthogonality tolerance:              1.0e-12
Reorthogonalization rate:                   8

     Davidson Dynamic Precision Parameters
-----------------------------------------------
SP Residual convergence:              1.0e-04
Sigma vector THRESPDP:                3.3e-04

Davidson memory usage:  35.26 MB

Guess Vectors:
  100 -> 101 : D -> V :     0.226080
   99 -> 101 : D -> V :     0.228727
   98 -> 101 : D -> V :     0.278021

  Root           Eigenvalue       Energy Change        Residual
-------------------------------------------------------------------
Iteration:    0   Subspace Size:    3
Root: 1:         0.12848644         0.12848644         0.12917234  
Root: 2:         0.13005516         0.13005516         0.15157105  

Iteration:    1   Subspace Size:    5
Root: 1:         0.10981087        -0.01867557         0.05269501  
Root: 2:         0.11327127        -0.01678389         0.04942385  

Iteration:    2   Subspace Size:    7
Root: 1:         0.10540340        -0.00440747         0.02982767  
Root: 2:         0.10878417        -0.00448709         0.02878230  

Iteration:    3   Subspace Size:    9
Root: 1:         0.10467005        -0.00073335         0.01138564  
Root: 2:         0.10810771        -0.00067647         0.01076745  

Iteration:    4   Subspace Size:   11
Root: 1:         0.10453286        -0.00013719         0.00508440  
Root: 2:         0.10797159        -0.00013612         0.00483573  

Iteration:    5   Subspace Size:   13
Root: 1:         0.10451234        -0.00002052         0.00208229  
Root: 2:         0.10795182        -0.00001977         0.00216781  

Iteration:    6   Subspace Size:   15
Root: 1:         0.10450773        -0.00000462         0.00096897  
Root: 2:         0.10794720        -0.00000462         0.00092298  

Iteration:    7   Subspace Size:   17
Root: 1:         0.10450690        -0.00000083         0.00048520  
Root: 2:         0.10794634        -0.00000086         0.00046922  

Iteration:    8   Subspace Size:   19
Collapsing subspace to 4 vectors
Rebuilding sigma vectors

Iteration:    9   Subspace Size:    4
Root: 1:         0.10450670        -0.00000001         0.00020731  
Root: 2:         0.10794616         0.00000000         0.00021109  

Iteration:   10   Subspace Size:    6
Root: 1:         0.10450667        -0.00000003         0.00009899  Converged
Root: 2:         0.10794612        -0.00000004         0.00011203  

Iteration:   11   Subspace Size:    7
Root: 1:         0.10450667        -0.00000000         0.00009905  Converged
Root: 2:         0.10794610        -0.00000002         0.00008594  Converged

Davidson has converged in single precision
Collapsing subspace to 2 vectors
Rebuilding sigma vectors in mixed precision

Iteration:   12   Subspace Size:    2
Root: 1:         0.10450667        -0.00000000         0.00009905  Converged
Root: 2:         0.10794610         0.00000000         0.00008594  Converged

Davidson converged in 12 iterations
28 sigma vectors were formed
22 sigma vectors were formed in single precision
2 sigma vectors were formed in mixed precision

  Root   Total Energy (a.u.)   Ex. Energy (a.u.)     Ex. Energy (eV)     Ex. Energy (nm)
-----------------------------------------------------------------------------------------
     1      -1134.30383322          0.10450667          2.84377073        435.98529060
     2      -1134.30039378          0.10794610          2.93736245        422.09370822

Unrelaxed excited state dipole moments:

  Root       Dx         Dy         Dz         |D|  (Debye)
------------------------------------------------------------
     1     5.1780    -3.5653     2.9003     6.9235
     2    -3.4295     8.2359    -2.9240     9.3884

Transition dipole moments:

  Root       Tx         Ty         Tz         |T| (a.u.)
----------------------------------------------------------
     1   -0.5482421472   -2.0911418712   -2.9036613545    3.6200404748
     2    1.6679355789   -2.4157091476    1.0768556260    3.1268638954

Root 1: Largest CI coefficients:
   99 -> 101 : X (D -> V) :  -0.961912     Y (D <- V) :   0.040625
   93 -> 101 : X (D -> V) :  -0.158640     Y (D <- V) :   0.004455

Root 2: Largest CI coefficients:
  100 -> 101 : X (D -> V) :   0.952968     Y (D <- V) :  -0.026772
   94 -> 101 : X (D -> V) :   0.198685     Y (D <- V) :  -0.003622
  100 -> 105 : X (D -> V) :  -0.115845     Y (D <- V) :   0.007091

  Final Excited State Results:

  Root   Total Energy (a.u.)   Ex. Energy (eV)   Osc. (a.u.)   Max CI Coeff.      Excitation
------------------------------------------------------------------------------------------------------
     1       -1134.30383322        2.84377073       0.9130       -0.961912      99 -> 101 : X (D -> V)
     2       -1134.30039378        2.93736245       0.7036        0.952968     100 -> 101 : X (D -> V)

Total processing time: 153.11 sec 

 Job finished: Sat Oct 14 06:48:52 2023

